SF:lib\features\auth\presentation\login_provider.dart
DA:14,2
DA:22,1
DA:28,1
DA:35,1
DA:36,1
DA:37,1
DA:39,1
DA:40,1
DA:48,3
DA:49,1
DA:51,1
DA:52,3
DA:55,2
DA:58,2
DA:59,2
DA:61,0
DA:64,3
DA:69,0
DA:76,0
DA:84,1
DA:85,2
DA:86,2
DA:90,3
DA:96,1
DA:102,1
DA:103,3
DA:108,0
DA:109,0
DA:110,0
DA:112,0
DA:113,0
DA:119,0
DA:120,0
DA:123,0
DA:124,0
DA:128,0
DA:129,0
DA:133,0
DA:134,0
DA:135,0
LF:40
LH:23
end_of_record
SF:lib\features\auth\data\auth_repository_impl.dart
DA:7,0
DA:8,0
DA:11,0
DA:13,0
DA:17,0
DA:20,0
DA:22,0
DA:24,0
DA:26,0
DA:28,0
DA:31,0
DA:33,0
LF:12
LH:0
end_of_record
SF:lib\features\auth\data\datasources\auth_local_data_source.dart
DA:5,0
DA:8,0
DA:10,0
DA:11,0
DA:13,0
DA:14,0
DA:17,0
DA:18,0
DA:20,0
DA:21,0
DA:22,0
LF:11
LH:0
end_of_record
